<?xml version="1.0" encoding="UTF-8"?>
<testsuite xmlns:xsi="http://www.w3.org/2001/XMLSchema-instance" xsi:noNamespaceSchemaLocation="https://maven.apache.org/surefire/maven-surefire-plugin/xsd/surefire-test-report.xsd" name="es.ull.flights.FlightTest" time="0.042" tests="5" errors="0" skipped="0" failures="0">
  <properties>
[...]
</properties>
  <testcase name="testAddingPassengerBeyondCapacity" classname="es.ull.flights.FlightTest" time="0.025"/>
  <testcase name="testAddPassenger" classname="es.ull.flights.FlightTest" time="0.002"/>
  <testcase name="testRemovePassenger" classname="es.ull.flights.FlightTest" time="0.001"/>
  <testcase name="testInvalidFlightNumber" classname="es.ull.flights.FlightTest" time="0.001"/>
  <testcase name="testValidFlightNumber" classname="es.ull.flights.FlightTest" time="0.002"/>
</testsuite>